<?xml version="1.0" encoding="UTF-8"?>
<!-- Generated by org.testng.reporters.JUnitReportReporter -->
<testsuite hostname="KALYANI-PC" failures="0" tests="1" name="com.kalopap.guru99.Tests.LoginTest" time="15.152" errors="0" timestamp="2024-04-10T14:57:09 GMT-05:00" skipped="0">
  <testcase classname="com.kalopap.guru99.Tests.LoginTest" name="justTest" time="15.152"/>
</testsuite> <!-- com.kalopap.guru99.Tests.LoginTest -->
