<?xml version="1.0" encoding="UTF-8"?>
<!-- Generated by org.testng.reporters.JUnitReportReporter -->
<testsuite hostname="KALYANI-PC" failures="0" tests="4" name="com.kalopap.guru99.Tests.LoginTest" time="82.193" errors="0" timestamp="2024-04-15T13:57:22 GMT-05:00" skipped="0">
  <testcase classname="com.kalopap.guru99.Tests.LoginTest" name="verifyLogin" time="20.099"/>
  <testcase classname="com.kalopap.guru99.Tests.LoginTest" name="verifyLogin" time="24.499"/>
  <testcase classname="com.kalopap.guru99.Tests.LoginTest" name="verifyLogin" time="12.771"/>
  <testcase classname="com.kalopap.guru99.Tests.LoginTest" name="verifyLogin" time="24.824"/>
</testsuite> <!-- com.kalopap.guru99.Tests.LoginTest -->
