<?xml version="1.0" encoding="UTF-8"?>
<!-- Generated by org.testng.reporters.JUnitReportReporter -->
<testsuite hostname="KALYANI-PC" failures="0" tests="1" name="com.kalopap.guru99.Tests.LoginTest" time="21.524" errors="0" timestamp="2024-04-08T11:33:52 GMT-05:00" skipped="0">
  <testcase classname="com.kalopap.guru99.Tests.LoginTest" name="verifyLoginWithInvalidCred" time="21.524"/>
</testsuite> <!-- com.kalopap.guru99.Tests.LoginTest -->
