<?xml version="1.0" encoding="UTF-8"?>
<!-- Generated by org.testng.reporters.JUnitReportReporter -->
<testsuite hostname="KALYANI-PC" failures="0" tests="1" name="com.kalopap.guru99.Tests.ManagerHomeTest" time="5.451" errors="0" timestamp="2024-04-15T13:54:13 GMT-05:00" skipped="0">
  <testcase classname="com.kalopap.guru99.Tests.ManagerHomeTest" name="verifyManagerId" time="5.451"/>
</testsuite> <!-- com.kalopap.guru99.Tests.ManagerHomeTest -->
