<?xml version="1.0" encoding="UTF-8"?>
<!-- Generated by org.testng.reporters.JUnitReportReporter -->
<testsuite hostname="KALYANI-PC" failures="0" tests="1" name="com.kalopap.guru99.Tests.ManagerHomeTest" time="4.608" errors="0" timestamp="2024-04-10T14:08:00 GMT-05:00" skipped="0">
  <testcase classname="com.kalopap.guru99.Tests.ManagerHomeTest" name="verifyManagerId" time="4.608"/>
</testsuite> <!-- com.kalopap.guru99.Tests.ManagerHomeTest -->
