<?xml version="1.0" encoding="UTF-8"?>
<!-- Generated by org.testng.reporters.JUnitReportReporter -->
<testsuite hostname="KALYANI-PC" failures="0" tests="4" name="com.kalopap.guru99.Tests.LoginTest" time="75.034" errors="0" timestamp="2024-04-15T13:54:13 GMT-05:00" skipped="0">
  <testcase classname="com.kalopap.guru99.Tests.LoginTest" name="verifyLogin" time="13.748"/>
  <testcase classname="com.kalopap.guru99.Tests.LoginTest" name="verifyLogin" time="16.729"/>
  <testcase classname="com.kalopap.guru99.Tests.LoginTest" name="verifyLogin" time="22.855"/>
  <testcase classname="com.kalopap.guru99.Tests.LoginTest" name="verifyLogin" time="21.702"/>
</testsuite> <!-- com.kalopap.guru99.Tests.LoginTest -->
